Started GET "/" for 127.0.0.1 at 2018-01-30 12:58:50 -0600
Processing by Rails::WelcomeController#index as HTML
  Rendering /usr/local/lib/ruby/gems/2.4.0/gems/railties-5.1.4/lib/rails/templates/rails/welcome/index.html.erb
  Rendered /usr/local/lib/ruby/gems/2.4.0/gems/railties-5.1.4/lib/rails/templates/rails/welcome/index.html.erb (2.9ms)
Completed 200 OK in 231ms (Views: 11.6ms)


Started GET "/" for 127.0.0.1 at 2018-01-30 13:09:08 -0600
Processing by PostsController#index as HTML
  Rendering posts/index.html.erb within layouts/application
  Rendered posts/index.html.erb within layouts/application (0.3ms)
Completed 200 OK in 495ms (Views: 492.6ms)


Started GET "/about" for 127.0.0.1 at 2018-01-30 13:11:53 -0600
Processing by PagesController#about as HTML
  Rendering pages/about.html.erb within layouts/application
  Rendered pages/about.html.erb within layouts/application (0.4ms)
Completed 200 OK in 72ms (Views: 69.1ms)


Started GET "/about" for 127.0.0.1 at 2018-01-30 13:14:31 -0600
Processing by PagesController#about as HTML
  Rendering pages/about.html.erb within layouts/application
  Rendered pages/about.html.erb within layouts/application (0.5ms)
Completed 200 OK in 22ms (Views: 20.2ms)


Started GET "/about" for 127.0.0.1 at 2018-01-30 13:14:59 -0600
Processing by PagesController#about as HTML
  Rendering pages/about.html.erb within layouts/application
  Rendered pages/about.html.erb within layouts/application (0.4ms)
Completed 200 OK in 26ms (Views: 23.2ms)


Started GET "/about" for 127.0.0.1 at 2018-01-30 13:16:40 -0600
Processing by PagesController#about as HTML
  Rendering pages/about.html.erb within layouts/application
  Rendered pages/about.html.erb within layouts/application (0.3ms)
Completed 200 OK in 21ms (Views: 18.9ms)


Started GET "/about" for 127.0.0.1 at 2018-01-30 13:17:48 -0600
Processing by PagesController#about as HTML
  Rendering pages/about.html.erb within layouts/application
  Rendered pages/about.html.erb within layouts/application (0.4ms)
Completed 200 OK in 22ms (Views: 19.8ms)


Started GET "/post/new" for 127.0.0.1 at 2018-01-30 13:21:40 -0600
  
ActionController::RoutingError (No route matches [GET] "/post/new"):
  
actionpack (5.1.4) lib/action_dispatch/middleware/debug_exceptions.rb:63:in `call'
web-console (3.5.1) lib/web_console/middleware.rb:135:in `call_app'
web-console (3.5.1) lib/web_console/middleware.rb:28:in `block in call'
web-console (3.5.1) lib/web_console/middleware.rb:18:in `catch'
web-console (3.5.1) lib/web_console/middleware.rb:18:in `call'
actionpack (5.1.4) lib/action_dispatch/middleware/show_exceptions.rb:31:in `call'
railties (5.1.4) lib/rails/rack/logger.rb:36:in `call_app'
railties (5.1.4) lib/rails/rack/logger.rb:24:in `block in call'
activesupport (5.1.4) lib/active_support/tagged_logging.rb:69:in `block in tagged'
activesupport (5.1.4) lib/active_support/tagged_logging.rb:26:in `tagged'
activesupport (5.1.4) lib/active_support/tagged_logging.rb:69:in `tagged'
railties (5.1.4) lib/rails/rack/logger.rb:24:in `call'
sprockets-rails (3.2.1) lib/sprockets/rails/quiet_assets.rb:13:in `call'
actionpack (5.1.4) lib/action_dispatch/middleware/remote_ip.rb:79:in `call'
actionpack (5.1.4) lib/action_dispatch/middleware/request_id.rb:25:in `call'
rack (2.0.3) lib/rack/method_override.rb:22:in `call'
rack (2.0.3) lib/rack/runtime.rb:22:in `call'
activesupport (5.1.4) lib/active_support/cache/strategy/local_cache_middleware.rb:27:in `call'
actionpack (5.1.4) lib/action_dispatch/middleware/executor.rb:12:in `call'
actionpack (5.1.4) lib/action_dispatch/middleware/static.rb:125:in `call'
rack (2.0.3) lib/rack/sendfile.rb:111:in `call'
railties (5.1.4) lib/rails/engine.rb:522:in `call'
puma (3.11.2) lib/puma/configuration.rb:225:in `call'
puma (3.11.2) lib/puma/server.rb:624:in `handle_request'
puma (3.11.2) lib/puma/server.rb:438:in `process_client'
puma (3.11.2) lib/puma/server.rb:302:in `block in run'
puma (3.11.2) lib/puma/thread_pool.rb:120:in `block in spawn_thread'
Started GET "/post/new" for 127.0.0.1 at 2018-01-30 13:21:53 -0600
  
ActionController::RoutingError (No route matches [GET] "/post/new"):
  
actionpack (5.1.4) lib/action_dispatch/middleware/debug_exceptions.rb:63:in `call'
web-console (3.5.1) lib/web_console/middleware.rb:135:in `call_app'
web-console (3.5.1) lib/web_console/middleware.rb:28:in `block in call'
web-console (3.5.1) lib/web_console/middleware.rb:18:in `catch'
web-console (3.5.1) lib/web_console/middleware.rb:18:in `call'
actionpack (5.1.4) lib/action_dispatch/middleware/show_exceptions.rb:31:in `call'
railties (5.1.4) lib/rails/rack/logger.rb:36:in `call_app'
railties (5.1.4) lib/rails/rack/logger.rb:24:in `block in call'
activesupport (5.1.4) lib/active_support/tagged_logging.rb:69:in `block in tagged'
activesupport (5.1.4) lib/active_support/tagged_logging.rb:26:in `tagged'
activesupport (5.1.4) lib/active_support/tagged_logging.rb:69:in `tagged'
railties (5.1.4) lib/rails/rack/logger.rb:24:in `call'
sprockets-rails (3.2.1) lib/sprockets/rails/quiet_assets.rb:13:in `call'
actionpack (5.1.4) lib/action_dispatch/middleware/remote_ip.rb:79:in `call'
actionpack (5.1.4) lib/action_dispatch/middleware/request_id.rb:25:in `call'
rack (2.0.3) lib/rack/method_override.rb:22:in `call'
rack (2.0.3) lib/rack/runtime.rb:22:in `call'
activesupport (5.1.4) lib/active_support/cache/strategy/local_cache_middleware.rb:27:in `call'
actionpack (5.1.4) lib/action_dispatch/middleware/executor.rb:12:in `call'
actionpack (5.1.4) lib/action_dispatch/middleware/static.rb:125:in `call'
rack (2.0.3) lib/rack/sendfile.rb:111:in `call'
railties (5.1.4) lib/rails/engine.rb:522:in `call'
puma (3.11.2) lib/puma/configuration.rb:225:in `call'
puma (3.11.2) lib/puma/server.rb:624:in `handle_request'
puma (3.11.2) lib/puma/server.rb:438:in `process_client'
puma (3.11.2) lib/puma/server.rb:302:in `block in run'
puma (3.11.2) lib/puma/thread_pool.rb:120:in `block in spawn_thread'
Started GET "/posts/new" for 127.0.0.1 at 2018-01-30 13:22:54 -0600
Processing by PostsController#new as HTML
  Rendering posts/new.html.erb within layouts/application
  Rendered posts/new.html.erb within layouts/application (0.3ms)
Completed 200 OK in 22ms (Views: 19.3ms)


Started GET "/posts/new" for 127.0.0.1 at 2018-01-30 13:26:47 -0600
Processing by PostsController#new as HTML
  Rendering posts/new.html.erb within layouts/application
  Rendered posts/new.html.erb within layouts/application (17.1ms)
Completed 200 OK in 39ms (Views: 36.5ms)


Started GET "/posts/new" for 127.0.0.1 at 2018-01-30 13:28:13 -0600
Processing by PostsController#new as HTML
  Rendering posts/new.html.erb within layouts/application
  Rendered posts/new.html.erb within layouts/application (1.3ms)
Completed 200 OK in 22ms (Views: 19.5ms)


Started POST "/posts" for 127.0.0.1 at 2018-01-30 13:28:20 -0600
Processing by PostsController#create as HTML
  Parameters: {"utf8"=>"✓", "authenticity_token"=>"3FLlu84Nnq3vyBEIiy5wklXRz0sKkc8Tz8PuMsVePUrtN4BR0XtYE3m34s50Frte9w13Ei6VCkBQD7uJFdLFfw==", "post"=>{"title"=>"Text", "body"=>"body"}, "commit"=>"Save Post"}
  Rendering text template
  Rendered text template (0.0ms)
Completed 200 OK in 2ms (Views: 1.2ms)


  [1m[35m (0.4ms)[0m  [1m[34mSELECT sqlite_version(*)[0m
  [1m[35m (1.6ms)[0m  [1m[35mCREATE TABLE "schema_migrations" ("version" varchar NOT NULL PRIMARY KEY)[0m
  [1m[35m (1.2ms)[0m  [1m[35mCREATE TABLE "ar_internal_metadata" ("key" varchar NOT NULL PRIMARY KEY, "value" varchar, "created_at" datetime NOT NULL, "updated_at" datetime NOT NULL)[0m
  [1m[35m (0.2ms)[0m  [1m[34mSELECT "schema_migrations"."version" FROM "schema_migrations" ORDER BY "schema_migrations"."version" ASC[0m
Migrating to CreatePosts (20180130193232)
  [1m[35m (0.1ms)[0m  [1m[36mbegin transaction[0m
  [1m[35m (0.0ms)[0m  [1m[31mrollback transaction[0m
  [1m[35m (0.1ms)[0m  [1m[34mSELECT "schema_migrations"."version" FROM "schema_migrations" ORDER BY "schema_migrations"."version" ASC[0m
Migrating to CreatePosts (20180130193355)
  [1m[35m (0.0ms)[0m  [1m[36mbegin transaction[0m
  [1m[35m (0.1ms)[0m  [1m[34mSELECT sqlite_version(*)[0m
  [1m[35m (0.4ms)[0m  [1m[35mCREATE TABLE "posts" ("id" INTEGER PRIMARY KEY AUTOINCREMENT NOT NULL, "title" varchar, "body" text, "created_at" datetime NOT NULL, "updated_at" datetime NOT NULL)[0m
  [1m[35mSQL (0.2ms)[0m  [1m[32mINSERT INTO "schema_migrations" ("version") VALUES (?)[0m  [["version", "20180130193355"]]
  [1m[35m (6.3ms)[0m  [1m[36mcommit transaction[0m
  [1m[36mActiveRecord::InternalMetadata Load (0.1ms)[0m  [1m[34mSELECT  "ar_internal_metadata".* FROM "ar_internal_metadata" WHERE "ar_internal_metadata"."key" = ? LIMIT ?[0m  [["key", "environment"], ["LIMIT", 1]]
  [1m[35m (0.0ms)[0m  [1m[36mbegin transaction[0m
  [1m[35mSQL (0.4ms)[0m  [1m[32mINSERT INTO "ar_internal_metadata" ("key", "value", "created_at", "updated_at") VALUES (?, ?, ?, ?)[0m  [["key", "environment"], ["value", "development"], ["created_at", "2018-01-30 19:34:54.672010"], ["updated_at", "2018-01-30 19:34:54.672010"]]
  [1m[35m (1.5ms)[0m  [1m[36mcommit transaction[0m
  [1m[35m (0.1ms)[0m  [1m[34mSELECT "schema_migrations"."version" FROM "schema_migrations" ORDER BY "schema_migrations"."version" ASC[0m
Started POST "/posts" for 127.0.0.1 at 2018-01-30 13:42:03 -0600
  [1m[35m (0.1ms)[0m  [1m[34mSELECT "schema_migrations"."version" FROM "schema_migrations" ORDER BY "schema_migrations"."version" ASC[0m
Processing by PostsController#create as HTML
  Parameters: {"utf8"=>"✓", "authenticity_token"=>"3FLlu84Nnq3vyBEIiy5wklXRz0sKkc8Tz8PuMsVePUrtN4BR0XtYE3m34s50Frte9w13Ei6VCkBQD7uJFdLFfw==", "post"=>{"title"=>"Text", "body"=>"body"}, "commit"=>"Save Post"}
Completed 500 Internal Server Error in 14ms (ActiveRecord: 0.6ms)


  
ActiveModel::ForbiddenAttributesError (ActiveModel::ForbiddenAttributesError):
  
app/controllers/posts_controller.rb:16:in `create'
Started POST "/posts" for 127.0.0.1 at 2018-01-30 13:46:31 -0600
Processing by PostsController#create as HTML
  Parameters: {"utf8"=>"✓", "authenticity_token"=>"3FLlu84Nnq3vyBEIiy5wklXRz0sKkc8Tz8PuMsVePUrtN4BR0XtYE3m34s50Frte9w13Ei6VCkBQD7uJFdLFfw==", "post"=>{"title"=>"Text", "body"=>"body"}, "commit"=>"Save Post"}
Completed 500 Internal Server Error in 134ms


  
NameError (undefined local variable or method `params_params' for #<PostsController:0x00007f9ad655b108>):
  
app/controllers/posts_controller.rb:27:in `create'
Started POST "/posts" for 127.0.0.1 at 2018-01-30 13:46:59 -0600
Processing by PostsController#create as HTML
  Parameters: {"utf8"=>"✓", "authenticity_token"=>"3FLlu84Nnq3vyBEIiy5wklXRz0sKkc8Tz8PuMsVePUrtN4BR0XtYE3m34s50Frte9w13Ei6VCkBQD7uJFdLFfw==", "post"=>{"title"=>"Text", "body"=>"body"}, "commit"=>"Save Post"}
  [1m[35m (0.0ms)[0m  [1m[36mbegin transaction[0m
  [1m[35mSQL (0.6ms)[0m  [1m[32mINSERT INTO "posts" ("title", "body", "created_at", "updated_at") VALUES (?, ?, ?, ?)[0m  [["title", "Text"], ["body", "body"], ["created_at", "2018-01-30 19:47:00.025118"], ["updated_at", "2018-01-30 19:47:00.025118"]]
  [1m[35m (6.6ms)[0m  [1m[36mcommit transaction[0m
Completed 500 Internal Server Error in 85ms (ActiveRecord: 8.2ms)


  
NoMethodError (undefined method `redirect_tp' for #<PostsController:0x00007f9ada358d20>
Did you mean?  redirect_to):
  
app/controllers/posts_controller.rb:29:in `create'
Started POST "/posts" for 127.0.0.1 at 2018-01-30 13:47:13 -0600
Processing by PostsController#create as HTML
  Parameters: {"utf8"=>"✓", "authenticity_token"=>"3FLlu84Nnq3vyBEIiy5wklXRz0sKkc8Tz8PuMsVePUrtN4BR0XtYE3m34s50Frte9w13Ei6VCkBQD7uJFdLFfw==", "post"=>{"title"=>"Text", "body"=>"body"}, "commit"=>"Save Post"}
  [1m[35m (0.0ms)[0m  [1m[36mbegin transaction[0m
  [1m[35mSQL (0.4ms)[0m  [1m[32mINSERT INTO "posts" ("title", "body", "created_at", "updated_at") VALUES (?, ?, ?, ?)[0m  [["title", "Text"], ["body", "body"], ["created_at", "2018-01-30 19:47:13.216695"], ["updated_at", "2018-01-30 19:47:13.216695"]]
  [1m[35m (6.9ms)[0m  [1m[36mcommit transaction[0m
Redirected to http://localhost:3000/posts/2
Completed 302 Found in 19ms (ActiveRecord: 8.1ms)


Started GET "/posts/2" for 127.0.0.1 at 2018-01-30 13:47:13 -0600
Processing by PostsController#show as HTML
  Parameters: {"id"=>"2"}
  [1m[36mPost Load (0.3ms)[0m  [1m[34mSELECT  "posts".* FROM "posts" WHERE "posts"."id" = ? LIMIT ?[0m  [["id", 2], ["LIMIT", 1]]
  Rendering posts/show.html.erb within layouts/application
  Rendered posts/show.html.erb within layouts/application (0.4ms)
Completed 200 OK in 25ms (Views: 18.4ms | ActiveRecord: 0.3ms)


Started GET "/posts" for 127.0.0.1 at 2018-01-30 13:47:22 -0600
Processing by PostsController#index as HTML
  Rendering posts/index.html.erb within layouts/application
  Rendered posts/index.html.erb within layouts/application (0.3ms)
Completed 200 OK in 22ms (Views: 20.1ms | ActiveRecord: 0.0ms)


Started GET "/posts/new" for 127.0.0.1 at 2018-01-30 13:47:26 -0600
Processing by PostsController#new as HTML
  Rendering posts/new.html.erb within layouts/application
  Rendered posts/new.html.erb within layouts/application (1.2ms)
Completed 200 OK in 22ms (Views: 19.9ms | ActiveRecord: 0.0ms)


Started POST "/posts" for 127.0.0.1 at 2018-01-30 13:47:34 -0600
Processing by PostsController#create as HTML
  Parameters: {"utf8"=>"✓", "authenticity_token"=>"vxBuakPG175lzEJu6HDrC6mZHtRCUgMvWrdeIiOX56iOdQuAXLARAPOzsagXSCDHC0WmjWZWxnzFewuZ8xsfnQ==", "post"=>{"title"=>"Something", "body"=>"in the way she moves\r\n"}, "commit"=>"Save Post"}
  [1m[35m (0.1ms)[0m  [1m[36mbegin transaction[0m
  [1m[35mSQL (0.5ms)[0m  [1m[32mINSERT INTO "posts" ("title", "body", "created_at", "updated_at") VALUES (?, ?, ?, ?)[0m  [["title", "Something"], ["body", "in the way she moves\r\n"], ["created_at", "2018-01-30 19:47:34.341416"], ["updated_at", "2018-01-30 19:47:34.341416"]]
  [1m[35m (1.1ms)[0m  [1m[36mcommit transaction[0m
Redirected to http://localhost:3000/posts/3
Completed 302 Found in 5ms (ActiveRecord: 1.7ms)


Started GET "/posts/3" for 127.0.0.1 at 2018-01-30 13:47:34 -0600
Processing by PostsController#show as HTML
  Parameters: {"id"=>"3"}
  [1m[36mPost Load (0.1ms)[0m  [1m[34mSELECT  "posts".* FROM "posts" WHERE "posts"."id" = ? LIMIT ?[0m  [["id", 3], ["LIMIT", 1]]
  Rendering posts/show.html.erb within layouts/application
  Rendered posts/show.html.erb within layouts/application (0.4ms)
Completed 200 OK in 24ms (Views: 20.7ms | ActiveRecord: 0.1ms)


Started POST "/posts" for 127.0.0.1 at 2018-01-30 13:47:50 -0600
Processing by PostsController#create as HTML
  Parameters: {"utf8"=>"✓", "authenticity_token"=>"vxBuakPG175lzEJu6HDrC6mZHtRCUgMvWrdeIiOX56iOdQuAXLARAPOzsagXSCDHC0WmjWZWxnzFewuZ8xsfnQ==", "post"=>{"title"=>"Something", "body"=>"can't buy me love\r\n\r\n"}, "commit"=>"Save Post"}
  [1m[35m (0.1ms)[0m  [1m[36mbegin transaction[0m
  [1m[35mSQL (0.4ms)[0m  [1m[32mINSERT INTO "posts" ("title", "body", "created_at", "updated_at") VALUES (?, ?, ?, ?)[0m  [["title", "Something"], ["body", "can't buy me love\r\n\r\n"], ["created_at", "2018-01-30 19:47:50.735673"], ["updated_at", "2018-01-30 19:47:50.735673"]]
  [1m[35m (1.2ms)[0m  [1m[36mcommit transaction[0m
Redirected to http://localhost:3000/posts/4
Completed 302 Found in 4ms (ActiveRecord: 1.7ms)


Started GET "/posts/4" for 127.0.0.1 at 2018-01-30 13:47:50 -0600
Processing by PostsController#show as HTML
  Parameters: {"id"=>"4"}
  [1m[36mPost Load (0.2ms)[0m  [1m[34mSELECT  "posts".* FROM "posts" WHERE "posts"."id" = ? LIMIT ?[0m  [["id", 4], ["LIMIT", 1]]
  Rendering posts/show.html.erb within layouts/application
  Rendered posts/show.html.erb within layouts/application (0.6ms)
Completed 200 OK in 24ms (Views: 21.0ms | ActiveRecord: 0.2ms)


Started GET "/posts/3" for 127.0.0.1 at 2018-01-30 13:47:53 -0600
Processing by PostsController#show as HTML
  Parameters: {"id"=>"3"}
  [1m[36mPost Load (0.1ms)[0m  [1m[34mSELECT  "posts".* FROM "posts" WHERE "posts"."id" = ? LIMIT ?[0m  [["id", 3], ["LIMIT", 1]]
  Rendering posts/show.html.erb within layouts/application
  Rendered posts/show.html.erb within layouts/application (0.3ms)
Completed 200 OK in 21ms (Views: 18.2ms | ActiveRecord: 0.1ms)


Started GET "/posts/2" for 127.0.0.1 at 2018-01-30 13:47:56 -0600
Processing by PostsController#show as HTML
  Parameters: {"id"=>"2"}
  [1m[36mPost Load (0.1ms)[0m  [1m[34mSELECT  "posts".* FROM "posts" WHERE "posts"."id" = ? LIMIT ?[0m  [["id", 2], ["LIMIT", 1]]
  Rendering posts/show.html.erb within layouts/application
  Rendered posts/show.html.erb within layouts/application (0.4ms)
Completed 200 OK in 20ms (Views: 17.6ms | ActiveRecord: 0.1ms)


Started GET "/posts/1" for 127.0.0.1 at 2018-01-30 13:47:58 -0600
Processing by PostsController#show as HTML
  Parameters: {"id"=>"1"}
  [1m[36mPost Load (0.1ms)[0m  [1m[34mSELECT  "posts".* FROM "posts" WHERE "posts"."id" = ? LIMIT ?[0m  [["id", 1], ["LIMIT", 1]]
  Rendering posts/show.html.erb within layouts/application
  Rendered posts/show.html.erb within layouts/application (0.4ms)
Completed 200 OK in 29ms (Views: 26.3ms | ActiveRecord: 0.1ms)


Started GET "/posts/1" for 127.0.0.1 at 2018-01-30 13:50:27 -0600
Processing by PostsController#show as HTML
  Parameters: {"id"=>"1"}
  [1m[36mPost Load (0.1ms)[0m  [1m[34mSELECT  "posts".* FROM "posts" WHERE "posts"."id" = ? LIMIT ?[0m  [["id", 1], ["LIMIT", 1]]
  Rendering posts/show.html.erb within layouts/application
  Rendered posts/show.html.erb within layouts/application (0.4ms)
Completed 200 OK in 30ms (Views: 19.0ms | ActiveRecord: 0.9ms)


Started GET "/" for 127.0.0.1 at 2018-01-30 13:50:31 -0600
Processing by PostsController#index as HTML
  Rendering posts/index.html.erb within layouts/application
  [1m[36mPost Load (0.2ms)[0m  [1m[34mSELECT "posts".* FROM "posts"[0m
  Rendered posts/index.html.erb within layouts/application (1.1ms)
Completed 200 OK in 22ms (Views: 19.4ms | ActiveRecord: 0.2ms)


Started GET "/" for 127.0.0.1 at 2018-01-30 13:56:06 -0600
Processing by PostsController#index as HTML
  Rendering posts/index.html.erb within layouts/application
  [1m[36mPost Load (0.2ms)[0m  [1m[34mSELECT "posts".* FROM "posts"[0m
  Rendered posts/index.html.erb within layouts/application (1.1ms)
Completed 500 Internal Server Error in 15ms (ActiveRecord: 0.2ms)


  
ActionView::Template::Error (The asset "<link rel=\"stylesheet\" href=\"https://maxcdn.bootstrapcdn.com/bootstrap/4.0.0/css/bootstrap.min.css\" integrity=\"sha384-Gn5384xqQ1aoWXA+058RXPxPg6fy4IWvTNh0E263XmFcJlSAwiGgFAW/dAiS6JXm\" crossorigin=\"anonymous\">\n.css" is not present in the asset pipeline.):
    3:   <head>
    4:     <title>SimpleBlog</title>
    5:     <%= csrf_meta_tags %>
    6: 	<%= stylesheet_link_tag    '<link rel="stylesheet" href="https://maxcdn.bootstrapcdn.com/bootstrap/4.0.0/css/bootstrap.min.css" integrity="sha384-Gn5384xqQ1aoWXA+058RXPxPg6fy4IWvTNh0E263XmFcJlSAwiGgFAW/dAiS6JXm" crossorigin="anonymous">
    7: '%>
    8:     <%= stylesheet_link_tag    'application', media: 'all', 'data-turbolinks-track': 'reload' %>
    9:     <%= javascript_include_tag 'application', 'data-turbolinks-track': 'reload' %>
  
app/views/layouts/application.html.erb:6:in `_app_views_layouts_application_html_erb__2469077325787280151_70151532300220'
Started GET "/" for 127.0.0.1 at 2018-01-30 13:56:51 -0600
Processing by PostsController#index as HTML
  Rendering posts/index.html.erb within layouts/application
  [1m[36mPost Load (0.2ms)[0m  [1m[34mSELECT "posts".* FROM "posts"[0m
  Rendered posts/index.html.erb within layouts/application (1.1ms)
Completed 200 OK in 23ms (Views: 20.5ms | ActiveRecord: 0.2ms)


Started GET "/" for 127.0.0.1 at 2018-01-30 13:57:00 -0600
Processing by PostsController#index as HTML
  Rendering posts/index.html.erb within layouts/application
  [1m[36mPost Load (0.2ms)[0m  [1m[34mSELECT "posts".* FROM "posts"[0m
  Rendered posts/index.html.erb within layouts/application (1.1ms)
Completed 200 OK in 23ms (Views: 20.3ms | ActiveRecord: 0.2ms)


Started GET "/" for 127.0.0.1 at 2018-01-30 13:57:03 -0600
Processing by PostsController#index as HTML
  Rendering posts/index.html.erb within layouts/application
  [1m[36mPost Load (0.2ms)[0m  [1m[34mSELECT "posts".* FROM "posts"[0m
  Rendered posts/index.html.erb within layouts/application (1.2ms)
Completed 200 OK in 23ms (Views: 20.2ms | ActiveRecord: 0.2ms)


Started GET "/" for 127.0.0.1 at 2018-01-30 14:37:42 -0600
Processing by PostsController#index as HTML
  Rendering posts/index.html.erb within layouts/application
  [1m[36mPost Load (0.2ms)[0m  [1m[34mSELECT "posts".* FROM "posts"[0m
  Rendered posts/index.html.erb within layouts/application (1.5ms)
Completed 200 OK in 23ms (Views: 20.4ms | ActiveRecord: 0.2ms)


Started GET "/" for 127.0.0.1 at 2018-01-30 14:37:46 -0600
Processing by PostsController#index as HTML
  Rendering posts/index.html.erb within layouts/application
  [1m[36mPost Load (0.2ms)[0m  [1m[34mSELECT "posts".* FROM "posts"[0m
  Rendered posts/index.html.erb within layouts/application (1.2ms)
Completed 200 OK in 26ms (Views: 23.3ms | ActiveRecord: 0.2ms)


Started GET "/" for 127.0.0.1 at 2018-01-30 14:38:00 -0600
Processing by PostsController#index as HTML
  Rendering posts/index.html.erb within layouts/application
  [1m[36mPost Load (0.2ms)[0m  [1m[34mSELECT "posts".* FROM "posts"[0m
  Rendered posts/index.html.erb within layouts/application (1.2ms)
Completed 200 OK in 31ms (Views: 27.8ms | ActiveRecord: 0.2ms)


Started GET "/" for 127.0.0.1 at 2018-01-30 14:38:00 -0600
Processing by PostsController#index as HTML
  Rendering posts/index.html.erb within layouts/application
  [1m[36mPost Load (0.2ms)[0m  [1m[34mSELECT "posts".* FROM "posts"[0m
  Rendered posts/index.html.erb within layouts/application (1.7ms)
Completed 200 OK in 28ms (Views: 24.7ms | ActiveRecord: 0.2ms)


Started GET "/" for 127.0.0.1 at 2018-01-30 14:38:13 -0600
Processing by PostsController#index as HTML
  Rendering posts/index.html.erb within layouts/application
  [1m[36mPost Load (0.4ms)[0m  [1m[34mSELECT "posts".* FROM "posts"[0m
  Rendered posts/index.html.erb within layouts/application (1.9ms)
Completed 200 OK in 28ms (Views: 24.4ms | ActiveRecord: 0.4ms)


Started GET "/" for 127.0.0.1 at 2018-01-30 14:38:13 -0600
Processing by PostsController#index as HTML
  Rendering posts/index.html.erb within layouts/application
  [1m[36mPost Load (0.2ms)[0m  [1m[34mSELECT "posts".* FROM "posts"[0m
  Rendered posts/index.html.erb within layouts/application (1.7ms)
Completed 200 OK in 27ms (Views: 22.9ms | ActiveRecord: 0.2ms)


Started GET "/" for 127.0.0.1 at 2018-01-30 14:40:19 -0600
Processing by PostsController#index as HTML
  Rendering posts/index.html.erb within layouts/application
  [1m[36mPost Load (0.1ms)[0m  [1m[34mSELECT "posts".* FROM "posts"[0m
  Rendered posts/index.html.erb within layouts/application (0.9ms)
Completed 200 OK in 19ms (Views: 16.8ms | ActiveRecord: 0.1ms)


Started GET "/" for 127.0.0.1 at 2018-01-30 14:40:21 -0600
Processing by PostsController#index as HTML
  Rendering posts/index.html.erb within layouts/application
  [1m[36mPost Load (0.2ms)[0m  [1m[34mSELECT "posts".* FROM "posts"[0m
  Rendered posts/index.html.erb within layouts/application (1.1ms)
Completed 200 OK in 23ms (Views: 20.5ms | ActiveRecord: 0.2ms)


Started GET "/" for 127.0.0.1 at 2018-01-30 14:40:21 -0600
Processing by PostsController#index as HTML
  Rendering posts/index.html.erb within layouts/application
  [1m[36mPost Load (0.3ms)[0m  [1m[34mSELECT "posts".* FROM "posts"[0m
  Rendered posts/index.html.erb within layouts/application (1.3ms)
Completed 200 OK in 24ms (Views: 20.3ms | ActiveRecord: 0.3ms)


Started GET "/" for 127.0.0.1 at 2018-01-30 14:40:22 -0600
Processing by PostsController#index as HTML
  Rendering posts/index.html.erb within layouts/application
  [1m[36mPost Load (0.2ms)[0m  [1m[34mSELECT "posts".* FROM "posts"[0m
  Rendered posts/index.html.erb within layouts/application (1.4ms)
Completed 200 OK in 24ms (Views: 21.5ms | ActiveRecord: 0.2ms)


Started GET "/" for 127.0.0.1 at 2018-01-30 14:40:49 -0600
Processing by PostsController#index as HTML
  Rendering posts/index.html.erb within layouts/application
  [1m[36mPost Load (0.2ms)[0m  [1m[34mSELECT "posts".* FROM "posts"[0m
  Rendered posts/index.html.erb within layouts/application (1.2ms)
Completed 200 OK in 24ms (Views: 21.7ms | ActiveRecord: 0.2ms)


Started GET "/" for 127.0.0.1 at 2018-01-30 14:41:02 -0600
Processing by PostsController#index as HTML
  Rendering posts/index.html.erb within layouts/application
  [1m[36mPost Load (0.2ms)[0m  [1m[34mSELECT "posts".* FROM "posts"[0m
  Rendered posts/index.html.erb within layouts/application (1.3ms)
Completed 200 OK in 32ms (Views: 28.4ms | ActiveRecord: 0.2ms)


Started GET "/" for 127.0.0.1 at 2018-01-30 14:41:16 -0600
Processing by PostsController#index as HTML
  Rendering posts/index.html.erb within layouts/application
  [1m[36mPost Load (0.3ms)[0m  [1m[34mSELECT "posts".* FROM "posts"[0m
  Rendered posts/index.html.erb within layouts/application (1.5ms)
Completed 200 OK in 23ms (Views: 19.8ms | ActiveRecord: 0.3ms)


Started GET "/" for 127.0.0.1 at 2018-01-30 14:41:19 -0600
Processing by PostsController#index as HTML
  Rendering posts/index.html.erb within layouts/application
  [1m[36mPost Load (0.3ms)[0m  [1m[34mSELECT "posts".* FROM "posts"[0m
  Rendered posts/index.html.erb within layouts/application (1.6ms)
Completed 200 OK in 27ms (Views: 23.9ms | ActiveRecord: 0.3ms)


Started GET "/" for 127.0.0.1 at 2018-01-30 14:41:19 -0600
Processing by PostsController#index as HTML
  Rendering posts/index.html.erb within layouts/application
  [1m[36mPost Load (0.2ms)[0m  [1m[34mSELECT "posts".* FROM "posts"[0m
  Rendered posts/index.html.erb within layouts/application (1.3ms)
Completed 200 OK in 28ms (Views: 24.8ms | ActiveRecord: 0.2ms)


Started GET "/" for 127.0.0.1 at 2018-01-30 14:41:20 -0600
Processing by PostsController#index as HTML
  Rendering posts/index.html.erb within layouts/application
  [1m[36mPost Load (0.2ms)[0m  [1m[34mSELECT "posts".* FROM "posts"[0m
  Rendered posts/index.html.erb within layouts/application (1.3ms)
Completed 200 OK in 29ms (Views: 25.5ms | ActiveRecord: 0.2ms)


Started GET "/" for 127.0.0.1 at 2018-01-30 14:41:20 -0600
Processing by PostsController#index as HTML
  Rendering posts/index.html.erb within layouts/application
  [1m[36mPost Load (0.2ms)[0m  [1m[34mSELECT "posts".* FROM "posts"[0m
  Rendered posts/index.html.erb within layouts/application (1.4ms)
Completed 200 OK in 28ms (Views: 24.7ms | ActiveRecord: 0.2ms)


Started GET "/" for 127.0.0.1 at 2018-01-30 14:49:00 -0600
  
SyntaxError (/Users/giovanniperez/Ruby/simpleBlog/config/routes.rb:5: syntax error, unexpected tIDENTIFIER, expecting keyword_end
et 'about' => 'pages#about' as: 'about'
                              ^):
  
config/routes.rb:5: syntax error, unexpected tIDENTIFIER, expecting keyword_end
Started GET "/" for 127.0.0.1 at 2018-01-30 14:49:38 -0600
Processing by PostsController#index as HTML
  Rendering posts/index.html.erb within layouts/application
  [1m[36mPost Load (0.1ms)[0m  [1m[34mSELECT "posts".* FROM "posts"[0m
  Rendered posts/index.html.erb within layouts/application (5.9ms)
Completed 500 Internal Server Error in 136ms (ActiveRecord: 0.8ms)


  
ActionView::Template::Error (undefined method `linke_to' for #<#<Class:0x00007f9adc82cc28>:0x00007f9adc82a680>
Did you mean?  link_to):
    14: 	<div class="d-flex flex-column flex-md-row align-items-center p-3 px-md-4 mb-3 bg-white border-bottom box-shadow">
    15:       <h5 class="my-0 mr-md-auto font-weight-normal">Blog Glorg</h5>
    16:       <nav class="my-2 my-md-0 mr-md-3">
    17:       	<li><%= linke_to "Home", home_path %></li>
    18: 
    19:         <a class="p-2 text-dark" href="#">Home</a>
    20:         <a class="p-2 text-dark" href="#">Enterprise</a>
  
app/views/layouts/application.html.erb:17:in `_app_views_layouts_application_html_erb__2469077325787280151_70151550613020'
Started GET "/" for 127.0.0.1 at 2018-01-30 14:49:59 -0600
Processing by PostsController#index as HTML
  Rendering posts/index.html.erb within layouts/application
  [1m[36mPost Load (0.2ms)[0m  [1m[34mSELECT "posts".* FROM "posts"[0m
  Rendered posts/index.html.erb within layouts/application (1.0ms)
Completed 200 OK in 21ms (Views: 19.2ms | ActiveRecord: 0.2ms)


Started GET "/" for 127.0.0.1 at 2018-01-30 14:50:11 -0600
Processing by PostsController#index as HTML
  Rendering posts/index.html.erb within layouts/application
  [1m[36mPost Load (0.2ms)[0m  [1m[34mSELECT "posts".* FROM "posts"[0m
  Rendered posts/index.html.erb within layouts/application (1.3ms)
Completed 200 OK in 20ms (Views: 18.1ms | ActiveRecord: 0.2ms)


Started GET "/" for 127.0.0.1 at 2018-01-30 14:51:17 -0600
Processing by PostsController#index as HTML
  Rendering posts/index.html.erb within layouts/application
  [1m[36mPost Load (0.2ms)[0m  [1m[34mSELECT "posts".* FROM "posts"[0m
  Rendered posts/index.html.erb within layouts/application (1.1ms)
Completed 200 OK in 23ms (Views: 20.4ms | ActiveRecord: 0.2ms)


Started GET "/" for 127.0.0.1 at 2018-01-30 14:51:19 -0600
Processing by PostsController#index as HTML
  Rendering posts/index.html.erb within layouts/application
  [1m[36mPost Load (0.2ms)[0m  [1m[34mSELECT "posts".* FROM "posts"[0m
  Rendered posts/index.html.erb within layouts/application (1.1ms)
Completed 200 OK in 22ms (Views: 19.8ms | ActiveRecord: 0.2ms)


Started GET "/" for 127.0.0.1 at 2018-01-30 14:51:20 -0600
Processing by PostsController#index as HTML
  Rendering posts/index.html.erb within layouts/application
  [1m[36mPost Load (0.2ms)[0m  [1m[34mSELECT "posts".* FROM "posts"[0m
  Rendered posts/index.html.erb within layouts/application (1.2ms)
Completed 200 OK in 34ms (Views: 30.9ms | ActiveRecord: 0.2ms)


Started GET "/" for 127.0.0.1 at 2018-01-30 14:52:01 -0600
Processing by PostsController#index as HTML
  Rendering posts/index.html.erb within layouts/application
  [1m[36mPost Load (0.2ms)[0m  [1m[34mSELECT "posts".* FROM "posts"[0m
  Rendered posts/index.html.erb within layouts/application (1.1ms)
Completed 200 OK in 23ms (Views: 20.7ms | ActiveRecord: 0.2ms)


Started GET "/" for 127.0.0.1 at 2018-01-30 14:52:10 -0600
Processing by PostsController#index as HTML
  Rendering posts/index.html.erb within layouts/application
  [1m[36mPost Load (0.2ms)[0m  [1m[34mSELECT "posts".* FROM "posts"[0m
  Rendered posts/index.html.erb within layouts/application (1.1ms)
Completed 200 OK in 25ms (Views: 22.2ms | ActiveRecord: 0.2ms)


Started GET "/" for 127.0.0.1 at 2018-01-30 14:52:51 -0600
Processing by PostsController#index as HTML
  Rendering posts/index.html.erb within layouts/application
  [1m[36mPost Load (0.2ms)[0m  [1m[34mSELECT "posts".* FROM "posts"[0m
  Rendered posts/index.html.erb within layouts/application (1.2ms)
Completed 500 Internal Server Error in 116ms (ActiveRecord: 0.2ms)


  
ActionView::Template::Error (undefined method `new_post_to' for #<#<Class:0x00007f9adc82cc28>:0x00007f9adb989ba8>
Did you mean?  new_post_path
               new_post_url):
    17: 
    18: 
    19:         <span class="p-2 text-dark"><%= link_to "Home", home_path %></span>
    20:         <span class="p-2 text-dark" ><%= new_post_to "Create Post", home_path %></span>
    21:         <a class="p-2 text-dark" href="#">Support</a>
    22:         <a class="p-2 text-dark" href="#">Pricing</a>
    23:       </nav>
  
app/views/layouts/application.html.erb:20:in `_app_views_layouts_application_html_erb__2469077325787280151_70151499377780'
Started GET "/" for 127.0.0.1 at 2018-01-30 14:54:04 -0600
Processing by PostsController#index as HTML
  Rendering posts/index.html.erb within layouts/application
  [1m[36mPost Load (0.2ms)[0m  [1m[34mSELECT "posts".* FROM "posts"[0m
  Rendered posts/index.html.erb within layouts/application (1.2ms)
Completed 500 Internal Server Error in 122ms (ActiveRecord: 0.2ms)


  
ActionView::Template::Error (undefined method `new_post_to' for #<#<Class:0x00007f9adc82cc28>:0x00007f9ad577e6e8>
Did you mean?  new_post_path
               new_post_url):
    17: 
    18: 
    19:         <span class="p-2 text-dark"><%= link_to "Home", home_path %></span>
    20:         <span class="p-2 text-dark" ><%= new_post_to "Create Post", home_path %></span>
    21:         <a class="p-2 text-dark" href="#">Support</a>
    22:         <a class="p-2 text-dark" href="#">Pricing</a>
    23:       </nav>
  
app/views/layouts/application.html.erb:20:in `_app_views_layouts_application_html_erb__2469077325787280151_70151532370020'
Started GET "/" for 127.0.0.1 at 2018-01-30 14:54:32 -0600
Processing by PostsController#index as HTML
  Rendering posts/index.html.erb within layouts/application
  [1m[36mPost Load (0.2ms)[0m  [1m[34mSELECT "posts".* FROM "posts"[0m
  Rendered posts/index.html.erb within layouts/application (1.7ms)
Completed 500 Internal Server Error in 26ms (ActiveRecord: 0.2ms)


  
ActionView::Template::Error (No route matches {:action=>"show", :controller=>"posts"}, missing required keys: [:id]):
    17: 
    18: 
    19:         <span class="p-2 text-dark"><%= link_to "Home", home_path %></span>
    20:         <span class="p-2 text-dark" ><%= new_post_to "Create Post", post_path %></span>
    21:         <a class="p-2 text-dark" href="#">Support</a>
    22:         <a class="p-2 text-dark" href="#">Pricing</a>
    23:       </nav>
  
app/views/layouts/application.html.erb:20:in `_app_views_layouts_application_html_erb__2469077325787280151_70151508825360'
Started GET "/" for 127.0.0.1 at 2018-01-30 14:55:47 -0600
Processing by PostsController#index as HTML
  Rendering posts/index.html.erb within layouts/application
  [1m[36mPost Load (0.2ms)[0m  [1m[34mSELECT "posts".* FROM "posts"[0m
  Rendered posts/index.html.erb within layouts/application (1.3ms)
Completed 500 Internal Server Error in 26ms (ActiveRecord: 0.2ms)


  
ActionView::Template::Error (No route matches {:action=>"show", :controller=>"posts"}, missing required keys: [:id]):
    17: 
    18: 
    19:         <span class="p-2 text-dark"><%= link_to "Home", home_path %></span>
    20: <!--         <span class="p-2 text-dark" ><%= new_post_to "Create Post", post_path %></span> -->
    21:         <a class="p-2 text-dark" href="#">Support</a>
    22:         <a class="p-2 text-dark" href="#">Pricing</a>
    23:       </nav>
  
app/views/layouts/application.html.erb:20:in `_app_views_layouts_application_html_erb__2469077325787280151_70151491214040'
Started GET "/" for 127.0.0.1 at 2018-01-30 14:55:57 -0600
Processing by PostsController#index as HTML
  Rendering posts/index.html.erb within layouts/application
  [1m[36mPost Load (0.2ms)[0m  [1m[34mSELECT "posts".* FROM "posts"[0m
  Rendered posts/index.html.erb within layouts/application (1.4ms)
Completed 200 OK in 21ms (Views: 18.5ms | ActiveRecord: 0.2ms)


Started GET "/" for 127.0.0.1 at 2018-01-30 14:55:59 -0600
Processing by PostsController#index as HTML
  Rendering posts/index.html.erb within layouts/application
  [1m[36mPost Load (0.2ms)[0m  [1m[34mSELECT "posts".* FROM "posts"[0m
  Rendered posts/index.html.erb within layouts/application (1.2ms)
Completed 200 OK in 23ms (Views: 20.7ms | ActiveRecord: 0.2ms)


Started GET "/" for 127.0.0.1 at 2018-01-30 14:56:01 -0600
Processing by PostsController#index as HTML
  Rendering posts/index.html.erb within layouts/application
  [1m[36mPost Load (0.2ms)[0m  [1m[34mSELECT "posts".* FROM "posts"[0m
  Rendered posts/index.html.erb within layouts/application (1.2ms)
Completed 200 OK in 27ms (Views: 24.0ms | ActiveRecord: 0.2ms)


Started GET "/" for 127.0.0.1 at 2018-01-30 14:56:23 -0600
Processing by PostsController#index as HTML
  Rendering posts/index.html.erb within layouts/application
  [1m[36mPost Load (0.2ms)[0m  [1m[34mSELECT "posts".* FROM "posts"[0m
  Rendered posts/index.html.erb within layouts/application (1.4ms)
Completed 500 Internal Server Error in 25ms (ActiveRecord: 0.2ms)


  
ActionView::Template::Error (No route matches {:action=>"show", :controller=>"posts"}, missing required keys: [:id]):
    17: 
    18: 
    19:         <span class="p-2 text-dark"><%= link_to "Home", home_path %></span>
    20:         <span class="p-2 text-dark" ><%= link_to "Create Post", post_path %></span>
    21:         <a class="p-2 text-dark" href="#">Support</a>
    22:         <a class="p-2 text-dark" href="#">Pricing</a>
    23:       </nav>
  
app/views/layouts/application.html.erb:20:in `_app_views_layouts_application_html_erb__2469077325787280151_70151482735500'
Started GET "/" for 127.0.0.1 at 2018-01-30 14:57:30 -0600
Processing by PostsController#index as HTML
  Rendering posts/index.html.erb within layouts/application
  [1m[36mPost Load (0.2ms)[0m  [1m[34mSELECT "posts".* FROM "posts"[0m
  Rendered posts/index.html.erb within layouts/application (1.6ms)
Completed 200 OK in 23ms (Views: 20.5ms | ActiveRecord: 0.2ms)


Started GET "/posts/new" for 127.0.0.1 at 2018-01-30 14:57:32 -0600
Processing by PostsController#new as HTML
  Rendering posts/new.html.erb within layouts/application
  Rendered posts/new.html.erb within layouts/application (1.5ms)
Completed 200 OK in 32ms (Views: 29.5ms | ActiveRecord: 0.0ms)


Started GET "/" for 127.0.0.1 at 2018-01-30 14:57:34 -0600
Processing by PostsController#index as HTML
  Rendering posts/index.html.erb within layouts/application
  [1m[36mPost Load (0.2ms)[0m  [1m[34mSELECT "posts".* FROM "posts"[0m
  Rendered posts/index.html.erb within layouts/application (1.2ms)
Completed 200 OK in 24ms (Views: 21.1ms | ActiveRecord: 0.2ms)


Started GET "/posts/new" for 127.0.0.1 at 2018-01-30 14:57:35 -0600
Processing by PostsController#new as HTML
  Rendering posts/new.html.erb within layouts/application
  Rendered posts/new.html.erb within layouts/application (2.0ms)
Completed 200 OK in 27ms (Views: 24.3ms | ActiveRecord: 0.0ms)


Started GET "/" for 127.0.0.1 at 2018-01-30 14:57:36 -0600
Processing by PostsController#index as HTML
  Rendering posts/index.html.erb within layouts/application
  [1m[36mPost Load (0.4ms)[0m  [1m[34mSELECT "posts".* FROM "posts"[0m
  Rendered posts/index.html.erb within layouts/application (1.9ms)
Completed 200 OK in 27ms (Views: 24.0ms | ActiveRecord: 0.4ms)


Started GET "/posts/new" for 127.0.0.1 at 2018-01-30 14:57:38 -0600
Processing by PostsController#new as HTML
  Rendering posts/new.html.erb within layouts/application
  Rendered posts/new.html.erb within layouts/application (2.7ms)
Completed 200 OK in 30ms (Views: 26.9ms | ActiveRecord: 0.0ms)


Started GET "/" for 127.0.0.1 at 2018-01-30 14:57:38 -0600
Processing by PostsController#index as HTML
  Rendering posts/index.html.erb within layouts/application
  [1m[36mPost Load (0.4ms)[0m  [1m[34mSELECT "posts".* FROM "posts"[0m
  Rendered posts/index.html.erb within layouts/application (2.4ms)
Completed 200 OK in 27ms (Views: 23.5ms | ActiveRecord: 0.4ms)


Started GET "/posts/new" for 127.0.0.1 at 2018-01-30 14:57:41 -0600
Processing by PostsController#new as HTML
  Rendering posts/new.html.erb within layouts/application
  Rendered posts/new.html.erb within layouts/application (1.4ms)
Completed 200 OK in 27ms (Views: 24.0ms | ActiveRecord: 0.0ms)


Started POST "/posts" for 127.0.0.1 at 2018-01-30 14:57:53 -0600
Processing by PostsController#create as HTML
  Parameters: {"utf8"=>"✓", "authenticity_token"=>"z8NQeVDhOhsDQyRLNGt/9Tva6Ae0CgwSekukDSQ12sEv8D6e9+9/DdC1uDMSVfEiTFnM0KmgWgMyDFplm1tbMw==", "post"=>{"title"=>"Cauliflower", "body"=>"Pizza"}, "commit"=>"Save Post"}
  [1m[35m (0.1ms)[0m  [1m[36mbegin transaction[0m
  [1m[35mSQL (0.4ms)[0m  [1m[32mINSERT INTO "posts" ("title", "body", "created_at", "updated_at") VALUES (?, ?, ?, ?)[0m  [["title", "Cauliflower"], ["body", "Pizza"], ["created_at", "2018-01-30 20:57:53.024392"], ["updated_at", "2018-01-30 20:57:53.024392"]]
  [1m[35m (1.4ms)[0m  [1m[36mcommit transaction[0m
Redirected to http://localhost:3000/posts/5
Completed 302 Found in 5ms (ActiveRecord: 1.8ms)


Started GET "/posts/5" for 127.0.0.1 at 2018-01-30 14:57:53 -0600
Processing by PostsController#show as HTML
  Parameters: {"id"=>"5"}
  [1m[36mPost Load (0.2ms)[0m  [1m[34mSELECT  "posts".* FROM "posts" WHERE "posts"."id" = ? LIMIT ?[0m  [["id", 5], ["LIMIT", 1]]
  Rendering posts/show.html.erb within layouts/application
  Rendered posts/show.html.erb within layouts/application (0.4ms)
Completed 200 OK in 30ms (Views: 26.8ms | ActiveRecord: 0.2ms)


Started GET "/" for 127.0.0.1 at 2018-01-30 14:57:55 -0600
Processing by PostsController#index as HTML
  Rendering posts/index.html.erb within layouts/application
  [1m[36mPost Load (0.2ms)[0m  [1m[34mSELECT "posts".* FROM "posts"[0m
  Rendered posts/index.html.erb within layouts/application (1.3ms)
Completed 200 OK in 25ms (Views: 21.9ms | ActiveRecord: 0.2ms)


Started GET "/" for 127.0.0.1 at 2018-01-30 15:00:00 -0600
Processing by PostsController#index as HTML
  Rendering posts/index.html.erb within layouts/application
  [1m[36mPost Load (0.2ms)[0m  [1m[34mSELECT "posts".* FROM "posts"[0m
  Rendered posts/index.html.erb within layouts/application (1.3ms)
Completed 200 OK in 23ms (Views: 20.6ms | ActiveRecord: 0.2ms)


Started GET "/" for 127.0.0.1 at 2018-01-30 15:00:36 -0600
Processing by PostsController#index as HTML
  Rendering posts/index.html.erb within layouts/application
  [1m[36mPost Load (0.2ms)[0m  [1m[34mSELECT "posts".* FROM "posts"[0m
  Rendered posts/index.html.erb within layouts/application (1.2ms)
Completed 200 OK in 25ms (Views: 22.6ms | ActiveRecord: 0.2ms)


Started GET "/posts/new" for 127.0.0.1 at 2018-01-30 15:00:37 -0600
Processing by PostsController#new as HTML
  Rendering posts/new.html.erb within layouts/application
  Rendered posts/new.html.erb within layouts/application (1.4ms)
Completed 200 OK in 26ms (Views: 23.6ms | ActiveRecord: 0.0ms)


Started GET "/" for 127.0.0.1 at 2018-01-30 15:00:38 -0600
Processing by PostsController#index as HTML
  Rendering posts/index.html.erb within layouts/application
  [1m[36mPost Load (0.2ms)[0m  [1m[34mSELECT "posts".* FROM "posts"[0m
  Rendered posts/index.html.erb within layouts/application (1.3ms)
Completed 200 OK in 24ms (Views: 20.6ms | ActiveRecord: 0.2ms)


Started GET "/posts/new" for 127.0.0.1 at 2018-01-30 15:00:39 -0600
Processing by PostsController#new as HTML
  Rendering posts/new.html.erb within layouts/application
  Rendered posts/new.html.erb within layouts/application (2.4ms)
Completed 200 OK in 30ms (Views: 26.9ms | ActiveRecord: 0.0ms)


Started GET "/posts/new" for 127.0.0.1 at 2018-01-30 15:00:40 -0600
Processing by PostsController#new as HTML
  Rendering posts/new.html.erb within layouts/application
  Rendered posts/new.html.erb within layouts/application (1.5ms)
Completed 200 OK in 37ms (Views: 33.7ms | ActiveRecord: 0.0ms)


Started GET "/posts/new" for 127.0.0.1 at 2018-01-30 15:00:44 -0600
Processing by PostsController#new as HTML
  Rendering posts/new.html.erb within layouts/application
  Rendered posts/new.html.erb within layouts/application (1.4ms)
Completed 200 OK in 25ms (Views: 22.3ms | ActiveRecord: 0.0ms)


Started GET "/posts/new" for 127.0.0.1 at 2018-01-30 15:04:41 -0600
Processing by PostsController#new as HTML
  Rendering posts/new.html.erb within layouts/application
  Rendered posts/new.html.erb within layouts/application (1.3ms)
Completed 200 OK in 23ms (Views: 20.6ms)


Started GET "/" for 127.0.0.1 at 2018-01-30 15:04:43 -0600
Processing by PostsController#index as HTML
  Rendering posts/index.html.erb within layouts/application
  [1m[36mPost Load (0.1ms)[0m  [1m[34mSELECT "posts".* FROM "posts"[0m
  Rendered posts/index.html.erb within layouts/application (7.7ms)
Completed 200 OK in 39ms (Views: 34.4ms | ActiveRecord: 1.1ms)


Started GET "/posts/new" for 127.0.0.1 at 2018-01-30 15:04:44 -0600
Processing by PostsController#new as HTML
  Rendering posts/new.html.erb within layouts/application
  Rendered posts/new.html.erb within layouts/application (1.3ms)
Completed 200 OK in 26ms (Views: 23.5ms | ActiveRecord: 0.0ms)


Started GET "/" for 127.0.0.1 at 2018-01-30 15:04:44 -0600
Processing by PostsController#index as HTML
  Rendering posts/index.html.erb within layouts/application
  [1m[36mPost Load (0.2ms)[0m  [1m[34mSELECT "posts".* FROM "posts"[0m
  Rendered posts/index.html.erb within layouts/application (1.2ms)
Completed 200 OK in 25ms (Views: 22.0ms | ActiveRecord: 0.2ms)


